{"C:\\Users\\amber\\Documents\\Leerjaar 3 Software Development\\testen\\Testen\\src\\getAllMortgageInfo.ts": {"path":"C:\\Users\\amber\\Documents\\Leerjaar 3 Software Development\\testen\\Testen\\src\\getAllMortgageInfo.ts","statementMap":{"0":{"start":{"line":2,"column":34},"end":{"line":2,"column":59}},"1":{"start":{"line":3,"column":22},"end":{"line":5,"column":14}},"2":{"start":{"line":6,"column":21},"end":{"line":6,"column":63}},"3":{"start":{"line":8,"column":2},"end":{"line":8,"column":59}},"4":{"start":{"line":9,"column":2},"end":{"line":9,"column":68}},"5":{"start":{"line":10,"column":2},"end":{"line":10,"column":60}},"6":{"start":{"line":11,"column":2},"end":{"line":11,"column":59}},"7":{"start":{"line":12,"column":2},"end":{"line":12,"column":58}},"8":{"start":{"line":1,"column":0},"end":{"line":1,"column":22}}},"fnMap":{"0":{"name":"getAllMortgageInfo","decl":{"start":{"line":1,"column":22},"end":{"line":1,"column":40}},"loc":{"start":{"line":1,"column":74},"end":{"line":13,"column":null}}}},"branchMap":{},"s":{"0":1,"1":1,"2":1,"3":1,"4":1,"5":1,"6":1,"7":1,"8":1},"f":{"0":1},"b":{}}
,"C:\\Users\\amber\\Documents\\Leerjaar 3 Software Development\\testen\\Testen\\src\\getAnnualIncome.ts": {"path":"C:\\Users\\amber\\Documents\\Leerjaar 3 Software Development\\testen\\Testen\\src\\getAnnualIncome.ts","statementMap":{"0":{"start":{"line":1,"column":0},"end":{"line":1,"column":46}},"1":{"start":{"line":4,"column":15},"end":{"line":4,"column":68}},"2":{"start":{"line":5,"column":2},"end":{"line":13,"column":null}},"3":{"start":{"line":6,"column":24},"end":{"line":7,"column":null}},"4":{"start":{"line":10,"column":4},"end":{"line":10,"column":45}},"5":{"start":{"line":12,"column":4},"end":{"line":12,"column":27}},"6":{"start":{"line":15,"column":2},"end":{"line":15,"column":16}},"7":{"start":{"line":3,"column":0},"end":{"line":3,"column":22}}},"fnMap":{"0":{"name":"getAnnualIncome","decl":{"start":{"line":3,"column":22},"end":{"line":3,"column":37}},"loc":{"start":{"line":3,"column":53},"end":{"line":16,"column":null}}}},"branchMap":{"0":{"loc":{"start":{"line":5,"column":2},"end":{"line":13,"column":null}},"type":"if","locations":[{"start":{"line":5,"column":2},"end":{"line":13,"column":null}},{"start":{"line":11,"column":9},"end":{"line":13,"column":null}}]}},"s":{"0":1,"1":2,"2":2,"3":1,"4":1,"5":1,"6":2,"7":1},"f":{"0":2},"b":{"0":[1,1]}}
,"C:\\Users\\amber\\Documents\\Leerjaar 3 Software Development\\testen\\Testen\\src\\getInterestPeriod.ts": {"path":"C:\\Users\\amber\\Documents\\Leerjaar 3 Software Development\\testen\\Testen\\src\\getInterestPeriod.ts","statementMap":{"0":{"start":{"line":1,"column":0},"end":{"line":1,"column":46}},"1":{"start":{"line":4,"column":25},"end":{"line":7,"column":null}},"2":{"start":{"line":9,"column":2},"end":{"line":9,"column":24}},"3":{"start":{"line":3,"column":0},"end":{"line":3,"column":22}}},"fnMap":{"0":{"name":"getInterestPeriod","decl":{"start":{"line":3,"column":22},"end":{"line":3,"column":39}},"loc":{"start":{"line":3,"column":39},"end":{"line":10,"column":null}}}},"branchMap":{},"s":{"0":2,"1":4,"2":4,"3":2},"f":{"0":4},"b":{}}
,"C:\\Users\\amber\\Documents\\Leerjaar 3 Software Development\\testen\\Testen\\src\\getPartnerAnnualIncome.ts": {"path":"C:\\Users\\amber\\Documents\\Leerjaar 3 Software Development\\testen\\Testen\\src\\getPartnerAnnualIncome.ts","statementMap":{"0":{"start":{"line":1,"column":0},"end":{"line":1,"column":46}},"1":{"start":{"line":4,"column":25},"end":{"line":4,"column":86}},"2":{"start":{"line":6,"column":2},"end":{"line":6,"column":23}},"3":{"start":{"line":3,"column":0},"end":{"line":3,"column":22}}},"fnMap":{"0":{"name":"getPartnerAnnualIncome","decl":{"start":{"line":3,"column":22},"end":{"line":3,"column":44}},"loc":{"start":{"line":3,"column":44},"end":{"line":7,"column":null}}}},"branchMap":{},"s":{"0":1,"1":1,"2":1,"3":1},"f":{"0":1},"b":{}}
,"C:\\Users\\amber\\Documents\\Leerjaar 3 Software Development\\testen\\Testen\\src\\getPostalCode.ts": {"path":"C:\\Users\\amber\\Documents\\Leerjaar 3 Software Development\\testen\\Testen\\src\\getPostalCode.ts","statementMap":{"0":{"start":{"line":1,"column":0},"end":{"line":1,"column":46}},"1":{"start":{"line":4,"column":2},"end":{"line":4,"column":65}},"2":{"start":{"line":3,"column":0},"end":{"line":3,"column":22}}},"fnMap":{"0":{"name":"getPostalCode","decl":{"start":{"line":3,"column":22},"end":{"line":3,"column":35}},"loc":{"start":{"line":3,"column":35},"end":{"line":5,"column":null}}}},"branchMap":{},"s":{"0":2,"1":4,"2":2},"f":{"0":4},"b":{}}
,"C:\\Users\\amber\\Documents\\Leerjaar 3 Software Development\\testen\\Testen\\src\\getUserInput.ts": {"path":"C:\\Users\\amber\\Documents\\Leerjaar 3 Software Development\\testen\\Testen\\src\\getUserInput.ts","statementMap":{"0":{"start":{"line":1,"column":0},"end":{"line":1,"column":37}},"1":{"start":{"line":4,"column":13},"end":{"line":7,"column":4}},"2":{"start":{"line":9,"column":2},"end":{"line":14,"column":5}},"3":{"start":{"line":10,"column":4},"end":{"line":13,"column":7}},"4":{"start":{"line":11,"column":6},"end":{"line":11,"column":22}},"5":{"start":{"line":12,"column":6},"end":{"line":12,"column":17}},"6":{"start":{"line":3,"column":0},"end":{"line":3,"column":16}}},"fnMap":{"0":{"name":"getUserInput","decl":{"start":{"line":3,"column":16},"end":{"line":3,"column":28}},"loc":{"start":{"line":3,"column":45},"end":{"line":15,"column":1}}},"1":{"name":"(anonymous_7)","decl":{"start":{"line":9,"column":21},"end":{"line":9,"column":22}},"loc":{"start":{"line":9,"column":33},"end":{"line":14,"column":3}}},"2":{"name":"(anonymous_8)","decl":{"start":{"line":10,"column":26},"end":{"line":10,"column":27}},"loc":{"start":{"line":10,"column":45},"end":{"line":13,"column":5}}}},"branchMap":{},"s":{"0":1,"1":1,"2":1,"3":1,"4":1,"5":1,"6":1},"f":{"0":1,"1":1,"2":1},"b":{}}
,"C:\\Users\\amber\\Documents\\Leerjaar 3 Software Development\\testen\\Testen\\src\\index.ts": {"path":"C:\\Users\\amber\\Documents\\Leerjaar 3 Software Development\\testen\\Testen\\src\\index.ts","statementMap":{"0":{"start":{"line":1,"column":0},"end":{"line":1,"column":48}},"1":{"start":{"line":2,"column":0},"end":{"line":2,"column":60}},"2":{"start":{"line":3,"column":0},"end":{"line":3,"column":52}},"3":{"start":{"line":4,"column":0},"end":{"line":4,"column":50}},"4":{"start":{"line":5,"column":0},"end":{"line":5,"column":54}},"5":{"start":{"line":6,"column":0},"end":{"line":6,"column":64}},"6":{"start":{"line":7,"column":0},"end":{"line":7,"column":56}},"7":{"start":{"line":8,"column":0},"end":{"line":8,"column":64}},"8":{"start":{"line":9,"column":0},"end":{"line":9,"column":74}},"9":{"start":{"line":10,"column":0},"end":{"line":10,"column":58}},"10":{"start":{"line":13,"column":19},"end":{"line":13,"column":40}},"11":{"start":{"line":15,"column":2},"end":{"line":18,"column":null}},"12":{"start":{"line":16,"column":4},"end":{"line":16,"column":53}},"13":{"start":{"line":17,"column":4},"end":{"line":17,"column":11}},"14":{"start":{"line":20,"column":28},"end":{"line":20,"column":65}},"15":{"start":{"line":22,"column":2},"end":{"line":25,"column":null}},"16":{"start":{"line":23,"column":4},"end":{"line":23,"column":94}},"17":{"start":{"line":24,"column":4},"end":{"line":24,"column":11}},"18":{"start":{"line":28,"column":21},"end":{"line":28,"column":43}},"19":{"start":{"line":29,"column":15},"end":{"line":29,"column":48}},"20":{"start":{"line":30,"column":2},"end":{"line":33,"column":null}},"21":{"start":{"line":31,"column":4},"end":{"line":31,"column":43}},"22":{"start":{"line":32,"column":4},"end":{"line":32,"column":11}},"23":{"start":{"line":34,"column":23},"end":{"line":34,"column":47}},"24":{"start":{"line":35,"column":2},"end":{"line":35,"column":61}},"25":{"start":{"line":37,"column":23},"end":{"line":37,"column":48}},"26":{"start":{"line":39,"column":2},"end":{"line":42,"column":null}},"27":{"start":{"line":40,"column":4},"end":{"line":40,"column":43}},"28":{"start":{"line":41,"column":4},"end":{"line":41,"column":11}},"29":{"start":{"line":43,"column":2},"end":{"line":54,"column":null}},"30":{"start":{"line":44,"column":4},"end":{"line":46,"column":6}},"31":{"start":{"line":47,"column":4},"end":{"line":47,"column":11}},"32":{"start":{"line":49,"column":28},"end":{"line":51,"column":null}},"33":{"start":{"line":53,"column":4},"end":{"line":53,"column":48}},"34":{"start":{"line":12,"column":0},"end":{"line":12,"column":22}},"35":{"start":{"line":57,"column":0},"end":{"line":57,"column":7}}},"fnMap":{"0":{"name":"main","decl":{"start":{"line":12,"column":22},"end":{"line":12,"column":26}},"loc":{"start":{"line":12,"column":26},"end":{"line":55,"column":null}}}},"branchMap":{"0":{"loc":{"start":{"line":15,"column":2},"end":{"line":18,"column":null}},"type":"if","locations":[{"start":{"line":15,"column":2},"end":{"line":18,"column":null}}]},"1":{"loc":{"start":{"line":22,"column":2},"end":{"line":25,"column":null}},"type":"if","locations":[{"start":{"line":22,"column":2},"end":{"line":25,"column":null}}]},"2":{"loc":{"start":{"line":30,"column":2},"end":{"line":33,"column":null}},"type":"if","locations":[{"start":{"line":30,"column":2},"end":{"line":33,"column":null}}]},"3":{"loc":{"start":{"line":39,"column":2},"end":{"line":42,"column":null}},"type":"if","locations":[{"start":{"line":39,"column":2},"end":{"line":42,"column":null}}]},"4":{"loc":{"start":{"line":43,"column":2},"end":{"line":54,"column":null}},"type":"if","locations":[{"start":{"line":43,"column":2},"end":{"line":54,"column":null}},{"start":{"line":48,"column":9},"end":{"line":54,"column":null}}]}},"s":{"0":0,"1":0,"2":0,"3":0,"4":0,"5":0,"6":0,"7":0,"8":0,"9":0,"10":0,"11":0,"12":0,"13":0,"14":0,"15":0,"16":0,"17":0,"18":0,"19":0,"20":0,"21":0,"22":0,"23":0,"24":0,"25":0,"26":0,"27":0,"28":0,"29":0,"30":0,"31":0,"32":0,"33":0,"34":0,"35":0},"f":{"0":0},"b":{"0":[0],"1":[0],"2":[0],"3":[0],"4":[0,0]}}
,"C:\\Users\\amber\\Documents\\Leerjaar 3 Software Development\\testen\\Testen\\src\\interestPeriodAllowed.ts": {"path":"C:\\Users\\amber\\Documents\\Leerjaar 3 Software Development\\testen\\Testen\\src\\interestPeriodAllowed.ts","statementMap":{"0":{"start":{"line":2,"column":31},"end":{"line":2,"column":49}},"1":{"start":{"line":4,"column":2},"end":{"line":4,"column":49}},"2":{"start":{"line":1,"column":0},"end":{"line":1,"column":16}}},"fnMap":{"0":{"name":"interestPeriodAllowed","decl":{"start":{"line":1,"column":16},"end":{"line":1,"column":37}},"loc":{"start":{"line":1,"column":51},"end":{"line":5,"column":1}}}},"branchMap":{},"s":{"0":10,"1":10,"2":2},"f":{"0":10},"b":{}}
,"C:\\Users\\amber\\Documents\\Leerjaar 3 Software Development\\testen\\Testen\\src\\mortgageWithInterestPeriod.ts": {"path":"C:\\Users\\amber\\Documents\\Leerjaar 3 Software Development\\testen\\Testen\\src\\mortgageWithInterestPeriod.ts","statementMap":{"0":{"start":{"line":2,"column":2},"end":{"line":18,"column":null}},"1":{"start":{"line":4,"column":6},"end":{"line":4,"column":38}},"2":{"start":{"line":5,"column":6},"end":{"line":5,"column":12}},"3":{"start":{"line":7,"column":6},"end":{"line":7,"column":38}},"4":{"start":{"line":8,"column":6},"end":{"line":8,"column":12}},"5":{"start":{"line":10,"column":6},"end":{"line":10,"column":39}},"6":{"start":{"line":11,"column":6},"end":{"line":11,"column":12}},"7":{"start":{"line":13,"column":6},"end":{"line":13,"column":39}},"8":{"start":{"line":14,"column":6},"end":{"line":14,"column":12}},"9":{"start":{"line":16,"column":6},"end":{"line":16,"column":38}},"10":{"start":{"line":17,"column":6},"end":{"line":17,"column":12}},"11":{"start":{"line":20,"column":2},"end":{"line":20,"column":18}},"12":{"start":{"line":1,"column":0},"end":{"line":1,"column":22}}},"fnMap":{"0":{"name":"mortgageWithInterestPeriod","decl":{"start":{"line":1,"column":22},"end":{"line":1,"column":48}},"loc":{"start":{"line":1,"column":75},"end":{"line":21,"column":null}}}},"branchMap":{"0":{"loc":{"start":{"line":2,"column":2},"end":{"line":18,"column":null}},"type":"switch","locations":[{"start":{"line":3,"column":4},"end":{"line":5,"column":12}},{"start":{"line":6,"column":4},"end":{"line":8,"column":12}},{"start":{"line":9,"column":4},"end":{"line":11,"column":12}},{"start":{"line":12,"column":4},"end":{"line":14,"column":12}},{"start":{"line":15,"column":4},"end":{"line":17,"column":12}}]}},"s":{"0":5,"1":1,"2":1,"3":1,"4":1,"5":1,"6":1,"7":1,"8":1,"9":1,"10":1,"11":5,"12":1},"f":{"0":5},"b":{"0":[1,1,1,1,1]}}
,"C:\\Users\\amber\\Documents\\Leerjaar 3 Software Development\\testen\\Testen\\src\\mortgageWithStudyDebt.ts": {"path":"C:\\Users\\amber\\Documents\\Leerjaar 3 Software Development\\testen\\Testen\\src\\mortgageWithStudyDebt.ts","statementMap":{"0":{"start":{"line":2,"column":2},"end":{"line":4,"column":null}},"1":{"start":{"line":3,"column":4},"end":{"line":3,"column":27}},"2":{"start":{"line":5,"column":2},"end":{"line":5,"column":16}},"3":{"start":{"line":1,"column":0},"end":{"line":1,"column":22}}},"fnMap":{"0":{"name":"mortgageWithStudyDebt","decl":{"start":{"line":1,"column":22},"end":{"line":1,"column":43}},"loc":{"start":{"line":1,"column":81},"end":{"line":6,"column":null}}}},"branchMap":{"0":{"loc":{"start":{"line":2,"column":2},"end":{"line":4,"column":null}},"type":"if","locations":[{"start":{"line":2,"column":2},"end":{"line":4,"column":null}}]}},"s":{"0":2,"1":1,"2":2,"3":1},"f":{"0":2},"b":{"0":[1]}}
,"C:\\Users\\amber\\Documents\\Leerjaar 3 Software Development\\testen\\Testen\\src\\postalCodeIsAllowed.ts": {"path":"C:\\Users\\amber\\Documents\\Leerjaar 3 Software Development\\testen\\Testen\\src\\postalCodeIsAllowed.ts","statementMap":{"0":{"start":{"line":2,"column":29},"end":{"line":2,"column":47}},"1":{"start":{"line":4,"column":2},"end":{"line":8,"column":null}},"2":{"start":{"line":5,"column":4},"end":{"line":5,"column":17}},"3":{"start":{"line":7,"column":4},"end":{"line":7,"column":16}},"4":{"start":{"line":1,"column":0},"end":{"line":1,"column":22}}},"fnMap":{"0":{"name":"postalCodeIsAllowed","decl":{"start":{"line":1,"column":22},"end":{"line":1,"column":41}},"loc":{"start":{"line":1,"column":60},"end":{"line":9,"column":null}}}},"branchMap":{"0":{"loc":{"start":{"line":4,"column":2},"end":{"line":8,"column":null}},"type":"if","locations":[{"start":{"line":4,"column":2},"end":{"line":8,"column":null}},{"start":{"line":6,"column":9},"end":{"line":8,"column":null}}]}},"s":{"0":4,"1":4,"2":2,"3":2,"4":2},"f":{"0":4},"b":{"0":[2,2]}}
,"C:\\Users\\amber\\Documents\\Leerjaar 3 Software Development\\testen\\Testen\\src\\userHasPartner.ts": {"path":"C:\\Users\\amber\\Documents\\Leerjaar 3 Software Development\\testen\\Testen\\src\\userHasPartner.ts","statementMap":{"0":{"start":{"line":1,"column":0},"end":{"line":1,"column":46}},"1":{"start":{"line":4,"column":20},"end":{"line":4,"column":62}},"2":{"start":{"line":5,"column":2},"end":{"line":5,"column":42}},"3":{"start":{"line":3,"column":0},"end":{"line":3,"column":22}}},"fnMap":{"0":{"name":"userHasPartner","decl":{"start":{"line":3,"column":22},"end":{"line":3,"column":36}},"loc":{"start":{"line":3,"column":36},"end":{"line":6,"column":null}}}},"branchMap":{},"s":{"0":1,"1":2,"2":2,"3":1},"f":{"0":2},"b":{}}
,"C:\\Users\\amber\\Documents\\Leerjaar 3 Software Development\\testen\\Testen\\src\\userHasStudyDebt.ts": {"path":"C:\\Users\\amber\\Documents\\Leerjaar 3 Software Development\\testen\\Testen\\src\\userHasStudyDebt.ts","statementMap":{"0":{"start":{"line":1,"column":0},"end":{"line":1,"column":46}},"1":{"start":{"line":4,"column":20},"end":{"line":4,"column":75}},"2":{"start":{"line":5,"column":2},"end":{"line":5,"column":42}},"3":{"start":{"line":3,"column":0},"end":{"line":3,"column":22}}},"fnMap":{"0":{"name":"userHasStudyDebt","decl":{"start":{"line":3,"column":22},"end":{"line":3,"column":38}},"loc":{"start":{"line":3,"column":38},"end":{"line":6,"column":null}}}},"branchMap":{},"s":{"0":1,"1":3,"2":3,"3":1},"f":{"0":3},"b":{}}
}
