TN:
SF:src\getAllMortgageInfo.ts
FN:1,getAllMortgageInfo
FNF:1
FNH:1
FNDA:1,getAllMortgageInfo
DA:1,2
DA:2,1
DA:3,1
DA:6,1
DA:8,1
DA:9,1
DA:10,1
DA:11,1
DA:12,1
LF:9
LH:9
BRF:0
BRH:0
end_of_record
TN:
SF:src\getAnnualIncome.ts
FN:3,getAnnualIncome
FNF:1
FNH:1
FNDA:2,getAnnualIncome
DA:1,2
DA:3,2
DA:4,2
DA:5,2
DA:6,1
DA:10,1
DA:12,1
DA:15,2
LF:8
LH:8
BRDA:5,0,0,1
BRDA:5,0,1,1
BRF:2
BRH:2
end_of_record
TN:
SF:src\getInterestPeriod.ts
FN:3,getInterestPeriod
FNF:1
FNH:1
FNDA:2,getInterestPeriod
DA:1,2
DA:3,2
DA:4,2
DA:9,2
LF:4
LH:4
BRF:0
BRH:0
end_of_record
TN:
SF:src\getPartnerAnnualIncome.ts
FN:3,getPartnerAnnualIncome
FNF:1
FNH:1
FNDA:1,getPartnerAnnualIncome
DA:1,1
DA:3,1
DA:4,1
DA:6,1
LF:4
LH:4
BRF:0
BRH:0
end_of_record
TN:
SF:src\getPostalCode.ts
FN:3,getPostalCode
FNF:1
FNH:1
FNDA:2,getPostalCode
DA:1,2
DA:3,2
DA:4,2
LF:3
LH:3
BRF:0
BRH:0
end_of_record
TN:
SF:src\getUserInput.ts
FN:3,getUserInput
FN:9,(anonymous_7)
FN:10,(anonymous_8)
FNF:3
FNH:3
FNDA:1,getUserInput
FNDA:1,(anonymous_7)
FNDA:1,(anonymous_8)
DA:1,6
DA:3,6
DA:4,1
DA:9,1
DA:10,1
DA:11,1
DA:12,1
LF:7
LH:7
BRF:0
BRH:0
end_of_record
TN:
SF:src\index.ts
FN:12,main
FNF:1
FNH:1
FNDA:5,main
DA:1,1
DA:2,1
DA:3,1
DA:4,1
DA:5,1
DA:6,1
DA:7,1
DA:8,1
DA:9,1
DA:10,1
DA:12,1
DA:13,5
DA:15,5
DA:16,2
DA:17,2
DA:20,3
DA:22,3
DA:23,2
DA:24,2
DA:28,1
DA:29,1
DA:30,1
DA:31,0
DA:32,0
DA:34,1
DA:35,1
DA:37,1
DA:39,1
DA:40,1
DA:41,1
DA:43,0
DA:44,0
DA:47,0
DA:49,0
DA:53,0
DA:57,1
LF:36
LH:29
BRDA:15,0,0,2
BRDA:22,1,0,2
BRDA:30,2,0,0
BRDA:39,3,0,1
BRDA:43,4,0,0
BRDA:43,4,1,0
BRF:6
BRH:3
end_of_record
TN:
SF:src\interestPeriodAllowed.ts
FN:1,interestPeriodAllowed
FNF:1
FNH:1
FNDA:8,interestPeriodAllowed
DA:1,2
DA:2,8
DA:4,8
LF:3
LH:3
BRF:0
BRH:0
end_of_record
TN:
SF:src\mortgageWithInterestPeriod.ts
FN:1,mortgageWithInterestPeriod
FNF:1
FNH:1
FNDA:5,mortgageWithInterestPeriod
DA:1,2
DA:2,5
DA:4,1
DA:5,1
DA:7,1
DA:8,1
DA:10,1
DA:11,1
DA:13,1
DA:14,1
DA:16,1
DA:17,1
DA:20,5
LF:13
LH:13
BRDA:2,0,0,1
BRDA:2,0,1,1
BRDA:2,0,2,1
BRDA:2,0,3,1
BRDA:2,0,4,1
BRF:5
BRH:5
end_of_record
TN:
SF:src\mortgageWithStudyDebt.ts
FN:1,mortgageWithStudyDebt
FNF:1
FNH:1
FNDA:2,mortgageWithStudyDebt
DA:1,2
DA:2,2
DA:3,1
DA:5,2
LF:4
LH:4
BRDA:2,0,0,1
BRF:1
BRH:1
end_of_record
TN:
SF:src\postalCodeIsAllowed.ts
FN:1,postalCodeIsAllowed
FNF:1
FNH:1
FNDA:2,postalCodeIsAllowed
DA:1,2
DA:2,2
DA:4,2
DA:5,1
DA:7,1
LF:5
LH:5
BRDA:4,0,0,1
BRDA:4,0,1,1
BRF:2
BRH:2
end_of_record
TN:
SF:src\userHasPartner.ts
FN:3,userHasPartner
FNF:1
FNH:1
FNDA:2,userHasPartner
DA:1,2
DA:3,2
DA:4,2
DA:5,2
LF:4
LH:4
BRF:0
BRH:0
end_of_record
TN:
SF:src\userHasStudyDebt.ts
FN:3,userHasStudyDebt
FNF:1
FNH:1
FNDA:3,userHasStudyDebt
DA:1,2
DA:3,2
DA:4,3
DA:5,3
LF:4
LH:4
BRF:0
BRH:0
end_of_record
